2025-01-27T17:12:34.285477Z [info     ] Traceback (most recent call last): cmd_type=elb consumer=False job_name=dev:tap-csv-to-target-postgres name=tap-csv producer=True run_id=f8485e80-a2c9-47f3-aea0-ed829e7ce3b9 stdio=stderr string_id=tap-csv
2025-01-27T17:12:34.285858Z [info     ]   File "/home/victor/Desktop/TESTE/code-challenge/.meltano/extractors/tap-csv/venv/bin/tap-csv", line 8, in <module> cmd_type=elb consumer=False job_name=dev:tap-csv-to-target-postgres name=tap-csv producer=True run_id=f8485e80-a2c9-47f3-aea0-ed829e7ce3b9 stdio=stderr string_id=tap-csv
2025-01-27T17:12:34.285978Z [info     ]     sys.exit(TapCSV.cli())     cmd_type=elb consumer=False job_name=dev:tap-csv-to-target-postgres name=tap-csv producer=True run_id=f8485e80-a2c9-47f3-aea0-ed829e7ce3b9 stdio=stderr string_id=tap-csv
2025-01-27T17:12:34.286094Z [info     ]              ^^^^^^^^^^^^      cmd_type=elb consumer=False job_name=dev:tap-csv-to-target-postgres name=tap-csv producer=True run_id=f8485e80-a2c9-47f3-aea0-ed829e7ce3b9 stdio=stderr string_id=tap-csv
2025-01-27T17:12:34.286193Z [info     ]   File "/home/victor/Desktop/TESTE/code-challenge/.meltano/extractors/tap-csv/venv/lib/python3.11/site-packages/click/core.py", line 1161, in __call__ cmd_type=elb consumer=False job_name=dev:tap-csv-to-target-postgres name=tap-csv producer=True run_id=f8485e80-a2c9-47f3-aea0-ed829e7ce3b9 stdio=stderr string_id=tap-csv
2025-01-27T17:12:34.294540Z [info     ]     return self.main(*args, **kwargs) cmd_type=elb consumer=False job_name=dev:tap-csv-to-target-postgres name=tap-csv producer=True run_id=f8485e80-a2c9-47f3-aea0-ed829e7ce3b9 stdio=stderr string_id=tap-csv
2025-01-27T17:12:34.294837Z [info     ]            ^^^^^^^^^^^^^^^^^^^^^^^^^^ cmd_type=elb consumer=False job_name=dev:tap-csv-to-target-postgres name=tap-csv producer=True run_id=f8485e80-a2c9-47f3-aea0-ed829e7ce3b9 stdio=stderr string_id=tap-csv
2025-01-27T17:12:34.294943Z [info     ]   File "/home/victor/Desktop/TESTE/code-challenge/.meltano/extractors/tap-csv/venv/lib/python3.11/site-packages/click/core.py", line 1082, in main cmd_type=elb consumer=False job_name=dev:tap-csv-to-target-postgres name=tap-csv producer=True run_id=f8485e80-a2c9-47f3-aea0-ed829e7ce3b9 stdio=stderr string_id=tap-csv
2025-01-27T17:12:34.295110Z [info     ]     rv = self.invoke(ctx)      cmd_type=elb consumer=False job_name=dev:tap-csv-to-target-postgres name=tap-csv producer=True run_id=f8485e80-a2c9-47f3-aea0-ed829e7ce3b9 stdio=stderr string_id=tap-csv
2025-01-27T17:12:34.295233Z [info     ]          ^^^^^^^^^^^^^^^^      cmd_type=elb consumer=False job_name=dev:tap-csv-to-target-postgres name=tap-csv producer=True run_id=f8485e80-a2c9-47f3-aea0-ed829e7ce3b9 stdio=stderr string_id=tap-csv
2025-01-27T17:12:34.295363Z [info     ]   File "/home/victor/Desktop/TESTE/code-challenge/.meltano/extractors/tap-csv/venv/lib/python3.11/site-packages/singer_sdk/plugin_base.py", line 87, in invoke cmd_type=elb consumer=False job_name=dev:tap-csv-to-target-postgres name=tap-csv producer=True run_id=f8485e80-a2c9-47f3-aea0-ed829e7ce3b9 stdio=stderr string_id=tap-csv
2025-01-27T17:12:34.306519Z [info     ]     return super().invoke(ctx) cmd_type=elb consumer=False job_name=dev:tap-csv-to-target-postgres name=tap-csv producer=True run_id=f8485e80-a2c9-47f3-aea0-ed829e7ce3b9 stdio=stderr string_id=tap-csv
2025-01-27T17:12:34.306784Z [info     ]            ^^^^^^^^^^^^^^^^^^^ cmd_type=elb consumer=False job_name=dev:tap-csv-to-target-postgres name=tap-csv producer=True run_id=f8485e80-a2c9-47f3-aea0-ed829e7ce3b9 stdio=stderr string_id=tap-csv
2025-01-27T17:12:34.306900Z [info     ]   File "/home/victor/Desktop/TESTE/code-challenge/.meltano/extractors/tap-csv/venv/lib/python3.11/site-packages/click/core.py", line 1443, in invoke cmd_type=elb consumer=False job_name=dev:tap-csv-to-target-postgres name=tap-csv producer=True run_id=f8485e80-a2c9-47f3-aea0-ed829e7ce3b9 stdio=stderr string_id=tap-csv
2025-01-27T17:12:34.307058Z [info     ]     return ctx.invoke(self.callback, **ctx.params) cmd_type=elb consumer=False job_name=dev:tap-csv-to-target-postgres name=tap-csv producer=True run_id=f8485e80-a2c9-47f3-aea0-ed829e7ce3b9 stdio=stderr string_id=tap-csv
2025-01-27T17:12:34.307218Z [info     ]            ^^^^^^^^^^^^^^^^^^^^^^^^^^^^^^^^^^^^^^^ cmd_type=elb consumer=False job_name=dev:tap-csv-to-target-postgres name=tap-csv producer=True run_id=f8485e80-a2c9-47f3-aea0-ed829e7ce3b9 stdio=stderr string_id=tap-csv
2025-01-27T17:12:34.307320Z [info     ]   File "/home/victor/Desktop/TESTE/code-challenge/.meltano/extractors/tap-csv/venv/lib/python3.11/site-packages/click/core.py", line 788, in invoke cmd_type=elb consumer=False job_name=dev:tap-csv-to-target-postgres name=tap-csv producer=True run_id=f8485e80-a2c9-47f3-aea0-ed829e7ce3b9 stdio=stderr string_id=tap-csv
2025-01-27T17:12:34.307421Z [info     ]     return __callback(*args, **kwargs) cmd_type=elb consumer=False job_name=dev:tap-csv-to-target-postgres name=tap-csv producer=True run_id=f8485e80-a2c9-47f3-aea0-ed829e7ce3b9 stdio=stderr string_id=tap-csv
2025-01-27T17:12:34.307520Z [info     ]            ^^^^^^^^^^^^^^^^^^^^^^^^^^^ cmd_type=elb consumer=False job_name=dev:tap-csv-to-target-postgres name=tap-csv producer=True run_id=f8485e80-a2c9-47f3-aea0-ed829e7ce3b9 stdio=stderr string_id=tap-csv
2025-01-27T17:12:34.307612Z [info     ]   File "/home/victor/Desktop/TESTE/code-challenge/.meltano/extractors/tap-csv/venv/lib/python3.11/site-packages/singer_sdk/tap_base.py", line 522, in invoke cmd_type=elb consumer=False job_name=dev:tap-csv-to-target-postgres name=tap-csv producer=True run_id=f8485e80-a2c9-47f3-aea0-ed829e7ce3b9 stdio=stderr string_id=tap-csv
2025-01-27T17:12:34.307728Z [info     ]     tap.sync_all()             cmd_type=elb consumer=False job_name=dev:tap-csv-to-target-postgres name=tap-csv producer=True run_id=f8485e80-a2c9-47f3-aea0-ed829e7ce3b9 stdio=stderr string_id=tap-csv
2025-01-27T17:12:34.307816Z [info     ]   File "/home/victor/Desktop/TESTE/code-challenge/.meltano/extractors/tap-csv/venv/lib/python3.11/site-packages/singer_sdk/tap_base.py", line 462, in sync_all cmd_type=elb consumer=False job_name=dev:tap-csv-to-target-postgres name=tap-csv producer=True run_id=f8485e80-a2c9-47f3-aea0-ed829e7ce3b9 stdio=stderr string_id=tap-csv
2025-01-27T17:12:34.307896Z [info     ]     self._set_compatible_replication_methods() cmd_type=elb consumer=False job_name=dev:tap-csv-to-target-postgres name=tap-csv producer=True run_id=f8485e80-a2c9-47f3-aea0-ed829e7ce3b9 stdio=stderr string_id=tap-csv
2025-01-27T17:12:34.307974Z [info     ]   File "/home/victor/Desktop/TESTE/code-challenge/.meltano/extractors/tap-csv/venv/lib/python3.11/site-packages/singer_sdk/tap_base.py", line 441, in _set_compatible_replication_methods cmd_type=elb consumer=False job_name=dev:tap-csv-to-target-postgres name=tap-csv producer=True run_id=f8485e80-a2c9-47f3-aea0-ed829e7ce3b9 stdio=stderr string_id=tap-csv
2025-01-27T17:12:34.308053Z [info     ]     for stream in self.streams.values(): cmd_type=elb consumer=False job_name=dev:tap-csv-to-target-postgres name=tap-csv producer=True run_id=f8485e80-a2c9-47f3-aea0-ed829e7ce3b9 stdio=stderr string_id=tap-csv
2025-01-27T17:12:34.308130Z [info     ]                   ^^^^^^^^^^^^ cmd_type=elb consumer=False job_name=dev:tap-csv-to-target-postgres name=tap-csv producer=True run_id=f8485e80-a2c9-47f3-aea0-ed829e7ce3b9 stdio=stderr string_id=tap-csv
2025-01-27T17:12:34.308206Z [info     ]   File "/home/victor/Desktop/TESTE/code-challenge/.meltano/extractors/tap-csv/venv/lib/python3.11/site-packages/singer_sdk/tap_base.py", line 149, in streams cmd_type=elb consumer=False job_name=dev:tap-csv-to-target-postgres name=tap-csv producer=True run_id=f8485e80-a2c9-47f3-aea0-ed829e7ce3b9 stdio=stderr string_id=tap-csv
2025-01-27T17:12:34.308324Z [info     ]     for stream in self.load_streams(): cmd_type=elb consumer=False job_name=dev:tap-csv-to-target-postgres name=tap-csv producer=True run_id=f8485e80-a2c9-47f3-aea0-ed829e7ce3b9 stdio=stderr string_id=tap-csv
2025-01-27T17:12:34.308425Z [info     ]                   ^^^^^^^^^^^^^^^^^^^ cmd_type=elb consumer=False job_name=dev:tap-csv-to-target-postgres name=tap-csv producer=True run_id=f8485e80-a2c9-47f3-aea0-ed829e7ce3b9 stdio=stderr string_id=tap-csv
2025-01-27T17:12:34.308521Z [info     ]   File "/home/victor/Desktop/TESTE/code-challenge/.meltano/extractors/tap-csv/venv/lib/python3.11/site-packages/singer_sdk/tap_base.py", line 373, in load_streams cmd_type=elb consumer=False job_name=dev:tap-csv-to-target-postgres name=tap-csv producer=True run_id=f8485e80-a2c9-47f3-aea0-ed829e7ce3b9 stdio=stderr string_id=tap-csv
2025-01-27T17:12:34.308609Z [info     ]     for stream in self.discover_streams(): cmd_type=elb consumer=False job_name=dev:tap-csv-to-target-postgres name=tap-csv producer=True run_id=f8485e80-a2c9-47f3-aea0-ed829e7ce3b9 stdio=stderr string_id=tap-csv
2025-01-27T17:12:34.308688Z [info     ]                   ^^^^^^^^^^^^^^^^^^^^^^^ cmd_type=elb consumer=False job_name=dev:tap-csv-to-target-postgres name=tap-csv producer=True run_id=f8485e80-a2c9-47f3-aea0-ed829e7ce3b9 stdio=stderr string_id=tap-csv
2025-01-27T17:12:34.308778Z [info     ]   File "/home/victor/Desktop/TESTE/code-challenge/.meltano/extractors/tap-csv/venv/lib/python3.11/site-packages/tap_csv/tap.py", line 89, in discover_streams cmd_type=elb consumer=False job_name=dev:tap-csv-to-target-postgres name=tap-csv producer=True run_id=f8485e80-a2c9-47f3-aea0-ed829e7ce3b9 stdio=stderr string_id=tap-csv
2025-01-27T17:12:34.318899Z [info     ]     return [                   cmd_type=elb consumer=False job_name=dev:tap-csv-to-target-postgres name=tap-csv producer=True run_id=f8485e80-a2c9-47f3-aea0-ed829e7ce3b9 stdio=stderr string_id=tap-csv
2025-01-27T17:12:34.319164Z [info     ]            ^                   cmd_type=elb consumer=False job_name=dev:tap-csv-to-target-postgres name=tap-csv producer=True run_id=f8485e80-a2c9-47f3-aea0-ed829e7ce3b9 stdio=stderr string_id=tap-csv
2025-01-27T17:12:34.319303Z [info     ]   File "/home/victor/Desktop/TESTE/code-challenge/.meltano/extractors/tap-csv/venv/lib/python3.11/site-packages/tap_csv/tap.py", line 90, in <listcomp> cmd_type=elb consumer=False job_name=dev:tap-csv-to-target-postgres name=tap-csv producer=True run_id=f8485e80-a2c9-47f3-aea0-ed829e7ce3b9 stdio=stderr string_id=tap-csv
2025-01-27T17:12:34.319480Z [info     ]     CSVStream(                 cmd_type=elb consumer=False job_name=dev:tap-csv-to-target-postgres name=tap-csv producer=True run_id=f8485e80-a2c9-47f3-aea0-ed829e7ce3b9 stdio=stderr string_id=tap-csv
2025-01-27T17:12:34.319616Z [info     ]   File "/home/victor/Desktop/TESTE/code-challenge/.meltano/extractors/tap-csv/venv/lib/python3.11/site-packages/tap_csv/client.py", line 32, in __init__ cmd_type=elb consumer=False job_name=dev:tap-csv-to-target-postgres name=tap-csv producer=True run_id=f8485e80-a2c9-47f3-aea0-ed829e7ce3b9 stdio=stderr string_id=tap-csv
2025-01-27T17:12:34.319738Z [info     ]     super().__init__(*args, **kwargs) cmd_type=elb consumer=False job_name=dev:tap-csv-to-target-postgres name=tap-csv producer=True run_id=f8485e80-a2c9-47f3-aea0-ed829e7ce3b9 stdio=stderr string_id=tap-csv
2025-01-27T17:12:34.319863Z [info     ]   File "/home/victor/Desktop/TESTE/code-challenge/.meltano/extractors/tap-csv/venv/lib/python3.11/site-packages/singer_sdk/streams/core.py", line 182, in __init__ cmd_type=elb consumer=False job_name=dev:tap-csv-to-target-postgres name=tap-csv producer=True run_id=f8485e80-a2c9-47f3-aea0-ed829e7ce3b9 stdio=stderr string_id=tap-csv
2025-01-27T17:12:34.319984Z [info     ]     if not self.schema:        cmd_type=elb consumer=False job_name=dev:tap-csv-to-target-postgres name=tap-csv producer=True run_id=f8485e80-a2c9-47f3-aea0-ed829e7ce3b9 stdio=stderr string_id=tap-csv
2025-01-27T17:12:34.320098Z [info     ]            ^^^^^^^^^^^         cmd_type=elb consumer=False job_name=dev:tap-csv-to-target-postgres name=tap-csv producer=True run_id=f8485e80-a2c9-47f3-aea0-ed829e7ce3b9 stdio=stderr string_id=tap-csv
2025-01-27T17:12:34.320193Z [info     ]   File "/usr/lib/python3.11/functools.py", line 1001, in __get__ cmd_type=elb consumer=False job_name=dev:tap-csv-to-target-postgres name=tap-csv producer=True run_id=f8485e80-a2c9-47f3-aea0-ed829e7ce3b9 stdio=stderr string_id=tap-csv
2025-01-27T17:12:34.329092Z [info     ]     val = self.func(instance)  cmd_type=elb consumer=False job_name=dev:tap-csv-to-target-postgres name=tap-csv producer=True run_id=f8485e80-a2c9-47f3-aea0-ed829e7ce3b9 stdio=stderr string_id=tap-csv
2025-01-27T17:12:34.329428Z [info     ]           ^^^^^^^^^^^^^^^^^^^  cmd_type=elb consumer=False job_name=dev:tap-csv-to-target-postgres name=tap-csv producer=True run_id=f8485e80-a2c9-47f3-aea0-ed829e7ce3b9 stdio=stderr string_id=tap-csv
2025-01-27T17:12:34.329589Z [info     ]   File "/home/victor/Desktop/TESTE/code-challenge/.meltano/extractors/tap-csv/venv/lib/python3.11/site-packages/tap_csv/client.py", line 137, in schema cmd_type=elb consumer=False job_name=dev:tap-csv-to-target-postgres name=tap-csv producer=True run_id=f8485e80-a2c9-47f3-aea0-ed829e7ce3b9 stdio=stderr string_id=tap-csv
2025-01-27T17:12:34.329751Z [info     ]     for file_path in self.get_file_paths(): cmd_type=elb consumer=False job_name=dev:tap-csv-to-target-postgres name=tap-csv producer=True run_id=f8485e80-a2c9-47f3-aea0-ed829e7ce3b9 stdio=stderr string_id=tap-csv
2025-01-27T17:12:34.329844Z [info     ]                      ^^^^^^^^^^^^^^^^^^^^^ cmd_type=elb consumer=False job_name=dev:tap-csv-to-target-postgres name=tap-csv producer=True run_id=f8485e80-a2c9-47f3-aea0-ed829e7ce3b9 stdio=stderr string_id=tap-csv
2025-01-27T17:12:34.329927Z [info     ]   File "/home/victor/Desktop/TESTE/code-challenge/.meltano/extractors/tap-csv/venv/lib/python3.11/site-packages/tap_csv/client.py", line 82, in get_file_paths cmd_type=elb consumer=False job_name=dev:tap-csv-to-target-postgres name=tap-csv producer=True run_id=f8485e80-a2c9-47f3-aea0-ed829e7ce3b9 stdio=stderr string_id=tap-csv
2025-01-27T17:12:34.330008Z [info     ]     raise Exception(f"File path does not exist {file_path}") cmd_type=elb consumer=False job_name=dev:tap-csv-to-target-postgres name=tap-csv producer=True run_id=f8485e80-a2c9-47f3-aea0-ed829e7ce3b9 stdio=stderr string_id=tap-csv
2025-01-27T17:12:34.330087Z [info     ] Exception: File path does not exist data/postgres/public-categories/2025-01-27/categories.csv cmd_type=elb consumer=False job_name=dev:tap-csv-to-target-postgres name=tap-csv producer=True run_id=f8485e80-a2c9-47f3-aea0-ed829e7ce3b9 stdio=stderr string_id=tap-csv
2025-01-27T17:12:34.486107Z [info     ] 2025-01-27 14:12:34,485 | INFO     | target-postgres      | Target 'target-postgres' is listening for input from tap. cmd_type=elb consumer=True job_name=dev:tap-csv-to-target-postgres name=target-postgres producer=False run_id=f8485e80-a2c9-47f3-aea0-ed829e7ce3b9 stdio=stderr string_id=target-postgres
2025-01-27T17:12:34.486337Z [info     ] 2025-01-27 14:12:34,486 | INFO     | target-postgres      | Target 'target-postgres' completed reading 0 lines of input (0 schemas, 0 records, 0 batch manifests, 0 state messages). cmd_type=elb consumer=True job_name=dev:tap-csv-to-target-postgres name=target-postgres producer=False run_id=f8485e80-a2c9-47f3-aea0-ed829e7ce3b9 stdio=stderr string_id=target-postgres
2025-01-27T17:12:34.486441Z [info     ] 2025-01-27 14:12:34,486 | INFO     | target-postgres      | Emitting completed target state {} cmd_type=elb consumer=True job_name=dev:tap-csv-to-target-postgres name=target-postgres producer=False run_id=f8485e80-a2c9-47f3-aea0-ed829e7ce3b9 stdio=stderr string_id=target-postgres
2025-01-27T17:12:34.565442Z [info     ] Incremental state has been updated at 2025-01-27 17:12:34.565411+00:00.
2025-01-27T17:12:34.625298Z [error    ] Extractor failed
2025-01-27T17:12:34.625451Z [error    ] Block run completed.           block_type=ExtractLoadBlocks err=RunnerError('Extractor failed') exit_codes={<PluginType.EXTRACTORS: 'extractors'>: 1} set_number=0 success=False
