2025-01-26T23:56:34.279886Z [info     ] Traceback (most recent call last): cmd_type=elb consumer=False job_name=dev:tap-csv-to-target-postgres name=tap-csv producer=True run_id=aa6d792c-a99e-4735-b9a0-04f1b0b17f12 stdio=stderr string_id=tap-csv
2025-01-26T23:56:34.280278Z [info     ]   File "/home/victor/Desktop/TESTE/code-challenge/.meltano/extractors/tap-csv/venv/bin/tap-csv", line 8, in <module> cmd_type=elb consumer=False job_name=dev:tap-csv-to-target-postgres name=tap-csv producer=True run_id=aa6d792c-a99e-4735-b9a0-04f1b0b17f12 stdio=stderr string_id=tap-csv
2025-01-26T23:56:34.280420Z [info     ]     sys.exit(TapCSV.cli())     cmd_type=elb consumer=False job_name=dev:tap-csv-to-target-postgres name=tap-csv producer=True run_id=aa6d792c-a99e-4735-b9a0-04f1b0b17f12 stdio=stderr string_id=tap-csv
2025-01-26T23:56:34.280554Z [info     ]              ^^^^^^^^^^^^      cmd_type=elb consumer=False job_name=dev:tap-csv-to-target-postgres name=tap-csv producer=True run_id=aa6d792c-a99e-4735-b9a0-04f1b0b17f12 stdio=stderr string_id=tap-csv
2025-01-26T23:56:34.280673Z [info     ]   File "/home/victor/Desktop/TESTE/code-challenge/.meltano/extractors/tap-csv/venv/lib/python3.11/site-packages/click/core.py", line 1161, in __call__ cmd_type=elb consumer=False job_name=dev:tap-csv-to-target-postgres name=tap-csv producer=True run_id=aa6d792c-a99e-4735-b9a0-04f1b0b17f12 stdio=stderr string_id=tap-csv
2025-01-26T23:56:34.280805Z [info     ]     return self.main(*args, **kwargs) cmd_type=elb consumer=False job_name=dev:tap-csv-to-target-postgres name=tap-csv producer=True run_id=aa6d792c-a99e-4735-b9a0-04f1b0b17f12 stdio=stderr string_id=tap-csv
2025-01-26T23:56:34.280908Z [info     ]            ^^^^^^^^^^^^^^^^^^^^^^^^^^ cmd_type=elb consumer=False job_name=dev:tap-csv-to-target-postgres name=tap-csv producer=True run_id=aa6d792c-a99e-4735-b9a0-04f1b0b17f12 stdio=stderr string_id=tap-csv
2025-01-26T23:56:34.281024Z [info     ]   File "/home/victor/Desktop/TESTE/code-challenge/.meltano/extractors/tap-csv/venv/lib/python3.11/site-packages/click/core.py", line 1082, in main cmd_type=elb consumer=False job_name=dev:tap-csv-to-target-postgres name=tap-csv producer=True run_id=aa6d792c-a99e-4735-b9a0-04f1b0b17f12 stdio=stderr string_id=tap-csv
2025-01-26T23:56:34.281112Z [info     ]     rv = self.invoke(ctx)      cmd_type=elb consumer=False job_name=dev:tap-csv-to-target-postgres name=tap-csv producer=True run_id=aa6d792c-a99e-4735-b9a0-04f1b0b17f12 stdio=stderr string_id=tap-csv
2025-01-26T23:56:34.281187Z [info     ]          ^^^^^^^^^^^^^^^^      cmd_type=elb consumer=False job_name=dev:tap-csv-to-target-postgres name=tap-csv producer=True run_id=aa6d792c-a99e-4735-b9a0-04f1b0b17f12 stdio=stderr string_id=tap-csv
2025-01-26T23:56:34.281260Z [info     ]   File "/home/victor/Desktop/TESTE/code-challenge/.meltano/extractors/tap-csv/venv/lib/python3.11/site-packages/singer_sdk/plugin_base.py", line 87, in invoke cmd_type=elb consumer=False job_name=dev:tap-csv-to-target-postgres name=tap-csv producer=True run_id=aa6d792c-a99e-4735-b9a0-04f1b0b17f12 stdio=stderr string_id=tap-csv
2025-01-26T23:56:34.281335Z [info     ]     return super().invoke(ctx) cmd_type=elb consumer=False job_name=dev:tap-csv-to-target-postgres name=tap-csv producer=True run_id=aa6d792c-a99e-4735-b9a0-04f1b0b17f12 stdio=stderr string_id=tap-csv
2025-01-26T23:56:34.281408Z [info     ]            ^^^^^^^^^^^^^^^^^^^ cmd_type=elb consumer=False job_name=dev:tap-csv-to-target-postgres name=tap-csv producer=True run_id=aa6d792c-a99e-4735-b9a0-04f1b0b17f12 stdio=stderr string_id=tap-csv
2025-01-26T23:56:34.281480Z [info     ]   File "/home/victor/Desktop/TESTE/code-challenge/.meltano/extractors/tap-csv/venv/lib/python3.11/site-packages/click/core.py", line 1443, in invoke cmd_type=elb consumer=False job_name=dev:tap-csv-to-target-postgres name=tap-csv producer=True run_id=aa6d792c-a99e-4735-b9a0-04f1b0b17f12 stdio=stderr string_id=tap-csv
2025-01-26T23:56:34.281553Z [info     ]     return ctx.invoke(self.callback, **ctx.params) cmd_type=elb consumer=False job_name=dev:tap-csv-to-target-postgres name=tap-csv producer=True run_id=aa6d792c-a99e-4735-b9a0-04f1b0b17f12 stdio=stderr string_id=tap-csv
2025-01-26T23:56:34.281636Z [info     ]            ^^^^^^^^^^^^^^^^^^^^^^^^^^^^^^^^^^^^^^^ cmd_type=elb consumer=False job_name=dev:tap-csv-to-target-postgres name=tap-csv producer=True run_id=aa6d792c-a99e-4735-b9a0-04f1b0b17f12 stdio=stderr string_id=tap-csv
2025-01-26T23:56:34.281712Z [info     ]   File "/home/victor/Desktop/TESTE/code-challenge/.meltano/extractors/tap-csv/venv/lib/python3.11/site-packages/click/core.py", line 788, in invoke cmd_type=elb consumer=False job_name=dev:tap-csv-to-target-postgres name=tap-csv producer=True run_id=aa6d792c-a99e-4735-b9a0-04f1b0b17f12 stdio=stderr string_id=tap-csv
2025-01-26T23:56:34.281788Z [info     ]     return __callback(*args, **kwargs) cmd_type=elb consumer=False job_name=dev:tap-csv-to-target-postgres name=tap-csv producer=True run_id=aa6d792c-a99e-4735-b9a0-04f1b0b17f12 stdio=stderr string_id=tap-csv
2025-01-26T23:56:34.281921Z [info     ]            ^^^^^^^^^^^^^^^^^^^^^^^^^^^ cmd_type=elb consumer=False job_name=dev:tap-csv-to-target-postgres name=tap-csv producer=True run_id=aa6d792c-a99e-4735-b9a0-04f1b0b17f12 stdio=stderr string_id=tap-csv
2025-01-26T23:56:34.282034Z [info     ]   File "/home/victor/Desktop/TESTE/code-challenge/.meltano/extractors/tap-csv/venv/lib/python3.11/site-packages/singer_sdk/tap_base.py", line 522, in invoke cmd_type=elb consumer=False job_name=dev:tap-csv-to-target-postgres name=tap-csv producer=True run_id=aa6d792c-a99e-4735-b9a0-04f1b0b17f12 stdio=stderr string_id=tap-csv
2025-01-26T23:56:34.282117Z [info     ]     tap.sync_all()             cmd_type=elb consumer=False job_name=dev:tap-csv-to-target-postgres name=tap-csv producer=True run_id=aa6d792c-a99e-4735-b9a0-04f1b0b17f12 stdio=stderr string_id=tap-csv
2025-01-26T23:56:34.282194Z [info     ]   File "/home/victor/Desktop/TESTE/code-challenge/.meltano/extractors/tap-csv/venv/lib/python3.11/site-packages/singer_sdk/tap_base.py", line 462, in sync_all cmd_type=elb consumer=False job_name=dev:tap-csv-to-target-postgres name=tap-csv producer=True run_id=aa6d792c-a99e-4735-b9a0-04f1b0b17f12 stdio=stderr string_id=tap-csv
2025-01-26T23:56:34.282267Z [info     ]     self._set_compatible_replication_methods() cmd_type=elb consumer=False job_name=dev:tap-csv-to-target-postgres name=tap-csv producer=True run_id=aa6d792c-a99e-4735-b9a0-04f1b0b17f12 stdio=stderr string_id=tap-csv
2025-01-26T23:56:34.282340Z [info     ]   File "/home/victor/Desktop/TESTE/code-challenge/.meltano/extractors/tap-csv/venv/lib/python3.11/site-packages/singer_sdk/tap_base.py", line 441, in _set_compatible_replication_methods cmd_type=elb consumer=False job_name=dev:tap-csv-to-target-postgres name=tap-csv producer=True run_id=aa6d792c-a99e-4735-b9a0-04f1b0b17f12 stdio=stderr string_id=tap-csv
2025-01-26T23:56:34.282414Z [info     ]     for stream in self.streams.values(): cmd_type=elb consumer=False job_name=dev:tap-csv-to-target-postgres name=tap-csv producer=True run_id=aa6d792c-a99e-4735-b9a0-04f1b0b17f12 stdio=stderr string_id=tap-csv
2025-01-26T23:56:34.282484Z [info     ]                   ^^^^^^^^^^^^ cmd_type=elb consumer=False job_name=dev:tap-csv-to-target-postgres name=tap-csv producer=True run_id=aa6d792c-a99e-4735-b9a0-04f1b0b17f12 stdio=stderr string_id=tap-csv
2025-01-26T23:56:34.282554Z [info     ]   File "/home/victor/Desktop/TESTE/code-challenge/.meltano/extractors/tap-csv/venv/lib/python3.11/site-packages/singer_sdk/tap_base.py", line 149, in streams cmd_type=elb consumer=False job_name=dev:tap-csv-to-target-postgres name=tap-csv producer=True run_id=aa6d792c-a99e-4735-b9a0-04f1b0b17f12 stdio=stderr string_id=tap-csv
2025-01-26T23:56:34.282628Z [info     ]     for stream in self.load_streams(): cmd_type=elb consumer=False job_name=dev:tap-csv-to-target-postgres name=tap-csv producer=True run_id=aa6d792c-a99e-4735-b9a0-04f1b0b17f12 stdio=stderr string_id=tap-csv
2025-01-26T23:56:34.282699Z [info     ]                   ^^^^^^^^^^^^^^^^^^^ cmd_type=elb consumer=False job_name=dev:tap-csv-to-target-postgres name=tap-csv producer=True run_id=aa6d792c-a99e-4735-b9a0-04f1b0b17f12 stdio=stderr string_id=tap-csv
2025-01-26T23:56:34.282777Z [info     ]   File "/home/victor/Desktop/TESTE/code-challenge/.meltano/extractors/tap-csv/venv/lib/python3.11/site-packages/singer_sdk/tap_base.py", line 373, in load_streams cmd_type=elb consumer=False job_name=dev:tap-csv-to-target-postgres name=tap-csv producer=True run_id=aa6d792c-a99e-4735-b9a0-04f1b0b17f12 stdio=stderr string_id=tap-csv
2025-01-26T23:56:34.282858Z [info     ]     for stream in self.discover_streams(): cmd_type=elb consumer=False job_name=dev:tap-csv-to-target-postgres name=tap-csv producer=True run_id=aa6d792c-a99e-4735-b9a0-04f1b0b17f12 stdio=stderr string_id=tap-csv
2025-01-26T23:56:34.282979Z [info     ]                   ^^^^^^^^^^^^^^^^^^^^^^^ cmd_type=elb consumer=False job_name=dev:tap-csv-to-target-postgres name=tap-csv producer=True run_id=aa6d792c-a99e-4735-b9a0-04f1b0b17f12 stdio=stderr string_id=tap-csv
2025-01-26T23:56:34.283224Z [info     ]   File "/home/victor/Desktop/TESTE/code-challenge/.meltano/extractors/tap-csv/venv/lib/python3.11/site-packages/tap_csv/tap.py", line 89, in discover_streams cmd_type=elb consumer=False job_name=dev:tap-csv-to-target-postgres name=tap-csv producer=True run_id=aa6d792c-a99e-4735-b9a0-04f1b0b17f12 stdio=stderr string_id=tap-csv
2025-01-26T23:56:34.283323Z [info     ]     return [                   cmd_type=elb consumer=False job_name=dev:tap-csv-to-target-postgres name=tap-csv producer=True run_id=aa6d792c-a99e-4735-b9a0-04f1b0b17f12 stdio=stderr string_id=tap-csv
2025-01-26T23:56:34.283403Z [info     ]            ^                   cmd_type=elb consumer=False job_name=dev:tap-csv-to-target-postgres name=tap-csv producer=True run_id=aa6d792c-a99e-4735-b9a0-04f1b0b17f12 stdio=stderr string_id=tap-csv
2025-01-26T23:56:34.283479Z [info     ]   File "/home/victor/Desktop/TESTE/code-challenge/.meltano/extractors/tap-csv/venv/lib/python3.11/site-packages/tap_csv/tap.py", line 90, in <listcomp> cmd_type=elb consumer=False job_name=dev:tap-csv-to-target-postgres name=tap-csv producer=True run_id=aa6d792c-a99e-4735-b9a0-04f1b0b17f12 stdio=stderr string_id=tap-csv
2025-01-26T23:56:34.283553Z [info     ]     CSVStream(                 cmd_type=elb consumer=False job_name=dev:tap-csv-to-target-postgres name=tap-csv producer=True run_id=aa6d792c-a99e-4735-b9a0-04f1b0b17f12 stdio=stderr string_id=tap-csv
2025-01-26T23:56:34.283625Z [info     ]   File "/home/victor/Desktop/TESTE/code-challenge/.meltano/extractors/tap-csv/venv/lib/python3.11/site-packages/tap_csv/client.py", line 32, in __init__ cmd_type=elb consumer=False job_name=dev:tap-csv-to-target-postgres name=tap-csv producer=True run_id=aa6d792c-a99e-4735-b9a0-04f1b0b17f12 stdio=stderr string_id=tap-csv
2025-01-26T23:56:34.283699Z [info     ]     super().__init__(*args, **kwargs) cmd_type=elb consumer=False job_name=dev:tap-csv-to-target-postgres name=tap-csv producer=True run_id=aa6d792c-a99e-4735-b9a0-04f1b0b17f12 stdio=stderr string_id=tap-csv
2025-01-26T23:56:34.283772Z [info     ]   File "/home/victor/Desktop/TESTE/code-challenge/.meltano/extractors/tap-csv/venv/lib/python3.11/site-packages/singer_sdk/streams/core.py", line 182, in __init__ cmd_type=elb consumer=False job_name=dev:tap-csv-to-target-postgres name=tap-csv producer=True run_id=aa6d792c-a99e-4735-b9a0-04f1b0b17f12 stdio=stderr string_id=tap-csv
2025-01-26T23:56:34.283887Z [info     ]     if not self.schema:        cmd_type=elb consumer=False job_name=dev:tap-csv-to-target-postgres name=tap-csv producer=True run_id=aa6d792c-a99e-4735-b9a0-04f1b0b17f12 stdio=stderr string_id=tap-csv
2025-01-26T23:56:34.284003Z [info     ]            ^^^^^^^^^^^         cmd_type=elb consumer=False job_name=dev:tap-csv-to-target-postgres name=tap-csv producer=True run_id=aa6d792c-a99e-4735-b9a0-04f1b0b17f12 stdio=stderr string_id=tap-csv
2025-01-26T23:56:34.284166Z [info     ]   File "/usr/lib/python3.11/functools.py", line 1001, in __get__ cmd_type=elb consumer=False job_name=dev:tap-csv-to-target-postgres name=tap-csv producer=True run_id=aa6d792c-a99e-4735-b9a0-04f1b0b17f12 stdio=stderr string_id=tap-csv
2025-01-26T23:56:34.284358Z [info     ]     val = self.func(instance)  cmd_type=elb consumer=False job_name=dev:tap-csv-to-target-postgres name=tap-csv producer=True run_id=aa6d792c-a99e-4735-b9a0-04f1b0b17f12 stdio=stderr string_id=tap-csv
2025-01-26T23:56:34.284458Z [info     ]           ^^^^^^^^^^^^^^^^^^^  cmd_type=elb consumer=False job_name=dev:tap-csv-to-target-postgres name=tap-csv producer=True run_id=aa6d792c-a99e-4735-b9a0-04f1b0b17f12 stdio=stderr string_id=tap-csv
2025-01-26T23:56:34.284537Z [info     ]   File "/home/victor/Desktop/TESTE/code-challenge/.meltano/extractors/tap-csv/venv/lib/python3.11/site-packages/tap_csv/client.py", line 137, in schema cmd_type=elb consumer=False job_name=dev:tap-csv-to-target-postgres name=tap-csv producer=True run_id=aa6d792c-a99e-4735-b9a0-04f1b0b17f12 stdio=stderr string_id=tap-csv
2025-01-26T23:56:34.284613Z [info     ]     for file_path in self.get_file_paths(): cmd_type=elb consumer=False job_name=dev:tap-csv-to-target-postgres name=tap-csv producer=True run_id=aa6d792c-a99e-4735-b9a0-04f1b0b17f12 stdio=stderr string_id=tap-csv
2025-01-26T23:56:34.284688Z [info     ]                      ^^^^^^^^^^^^^^^^^^^^^ cmd_type=elb consumer=False job_name=dev:tap-csv-to-target-postgres name=tap-csv producer=True run_id=aa6d792c-a99e-4735-b9a0-04f1b0b17f12 stdio=stderr string_id=tap-csv
2025-01-26T23:56:34.284763Z [info     ]   File "/home/victor/Desktop/TESTE/code-challenge/.meltano/extractors/tap-csv/venv/lib/python3.11/site-packages/tap_csv/client.py", line 82, in get_file_paths cmd_type=elb consumer=False job_name=dev:tap-csv-to-target-postgres name=tap-csv producer=True run_id=aa6d792c-a99e-4735-b9a0-04f1b0b17f12 stdio=stderr string_id=tap-csv
2025-01-26T23:56:34.284835Z [info     ]     raise Exception(f"File path does not exist {file_path}") cmd_type=elb consumer=False job_name=dev:tap-csv-to-target-postgres name=tap-csv producer=True run_id=aa6d792c-a99e-4735-b9a0-04f1b0b17f12 stdio=stderr string_id=tap-csv
2025-01-26T23:56:34.284910Z [info     ] Exception: File path does not exist data/dump/categories.csv cmd_type=elb consumer=False job_name=dev:tap-csv-to-target-postgres name=tap-csv producer=True run_id=aa6d792c-a99e-4735-b9a0-04f1b0b17f12 stdio=stderr string_id=tap-csv
2025-01-26T23:56:34.503715Z [info     ] 2025-01-26 20:56:34,503 | INFO     | target-postgres      | Target 'target-postgres' is listening for input from tap. cmd_type=elb consumer=True job_name=dev:tap-csv-to-target-postgres name=target-postgres producer=False run_id=aa6d792c-a99e-4735-b9a0-04f1b0b17f12 stdio=stderr string_id=target-postgres
2025-01-26T23:56:34.503966Z [info     ] 2025-01-26 20:56:34,503 | INFO     | target-postgres      | Target 'target-postgres' completed reading 0 lines of input (0 schemas, 0 records, 0 batch manifests, 0 state messages). cmd_type=elb consumer=True job_name=dev:tap-csv-to-target-postgres name=target-postgres producer=False run_id=aa6d792c-a99e-4735-b9a0-04f1b0b17f12 stdio=stderr string_id=target-postgres
2025-01-26T23:56:34.504139Z [info     ] 2025-01-26 20:56:34,503 | INFO     | target-postgres      | Emitting completed target state {} cmd_type=elb consumer=True job_name=dev:tap-csv-to-target-postgres name=target-postgres producer=False run_id=aa6d792c-a99e-4735-b9a0-04f1b0b17f12 stdio=stderr string_id=target-postgres
2025-01-26T23:56:34.604483Z [info     ] Incremental state has been updated at 2025-01-26 23:56:34.604450+00:00.
2025-01-26T23:56:34.696685Z [error    ] Extractor failed
2025-01-26T23:56:34.696893Z [error    ] Block run completed.           block_type=ExtractLoadBlocks err=RunnerError('Extractor failed') exit_codes={<PluginType.EXTRACTORS: 'extractors'>: 1} set_number=0 success=False
