[2025-01-27T16:46:09.632-0300] {taskinstance.py:1956} INFO - Dependencies all met for dep_context=non-requeueable deps ti=<TaskInstance: extract_data.organize_folders manual__2025-01-27T19:45:37+00:00 [queued]>
[2025-01-27T16:46:09.636-0300] {taskinstance.py:1956} INFO - Dependencies all met for dep_context=requeueable deps ti=<TaskInstance: extract_data.organize_folders manual__2025-01-27T19:45:37+00:00 [queued]>
[2025-01-27T16:46:09.636-0300] {taskinstance.py:2170} INFO - Starting attempt 1 of 1
[2025-01-27T16:46:09.735-0300] {taskinstance.py:2191} INFO - Executing <Task(PythonOperator): organize_folders> on 2025-01-27 19:45:37+00:00
[2025-01-27T16:46:09.739-0300] {standard_task_runner.py:60} INFO - Started process 142049 to run task
[2025-01-27T16:46:09.741-0300] {standard_task_runner.py:87} INFO - Running: ['airflow', 'tasks', 'run', 'extract_data', 'organize_folders', 'manual__2025-01-27T19:45:37+00:00', '--job-id', '51', '--raw', '--subdir', 'DAGS_FOLDER/stage1.py', '--cfg-path', '/tmp/tmpcngxir1x']
[2025-01-27T16:46:09.742-0300] {standard_task_runner.py:88} INFO - Job 51: Subtask organize_folders
[2025-01-27T16:46:09.833-0300] {task_command.py:423} INFO - Running <TaskInstance: extract_data.organize_folders manual__2025-01-27T19:45:37+00:00 [running]> on host victor-MS-7C52
[2025-01-27T16:46:10.047-0300] {taskinstance.py:2480} INFO - Exporting env vars: AIRFLOW_CTX_DAG_OWNER='airflow' AIRFLOW_CTX_DAG_ID='extract_data' AIRFLOW_CTX_TASK_ID='organize_folders' AIRFLOW_CTX_EXECUTION_DATE='2025-01-27T19:45:37+00:00' AIRFLOW_CTX_TRY_NUMBER='1' AIRFLOW_CTX_DAG_RUN_ID='manual__2025-01-27T19:45:37+00:00'
[2025-01-27T16:46:10.048-0300] {logging_mixin.py:188} INFO - Movido: data/dump/employee_territories.csv -> data/postgres/employee_territories/2025-01-01/employee_territories.csv
[2025-01-27T16:46:10.048-0300] {logging_mixin.py:188} INFO - Movido: data/dump/customers.csv -> data/postgres/customers/2025-01-01/customers.csv
[2025-01-27T16:46:10.048-0300] {logging_mixin.py:188} INFO - Movido: data/dump/order_details.csv -> data/csv/2025-01-01/order_details.csv
[2025-01-27T16:46:10.048-0300] {logging_mixin.py:188} INFO - Movido: data/dump/territories.csv -> data/postgres/territories/2025-01-01/territories.csv
[2025-01-27T16:46:10.049-0300] {logging_mixin.py:188} INFO - Movido: data/dump/employees.csv -> data/postgres/employees/2025-01-01/employees.csv
[2025-01-27T16:46:10.049-0300] {logging_mixin.py:188} INFO - Movido: data/dump/region.csv -> data/postgres/region/2025-01-01/region.csv
[2025-01-27T16:46:10.049-0300] {logging_mixin.py:188} INFO - Movido: data/dump/categories.csv -> data/postgres/categories/2025-01-01/categories.csv
[2025-01-27T16:46:10.049-0300] {logging_mixin.py:188} INFO - Movido: data/dump/suppliers.csv -> data/postgres/suppliers/2025-01-01/suppliers.csv
[2025-01-27T16:46:10.049-0300] {logging_mixin.py:188} INFO - Movido: data/dump/products.csv -> data/postgres/products/2025-01-01/products.csv
[2025-01-27T16:46:10.050-0300] {logging_mixin.py:188} INFO - Movido: data/dump/orders.csv -> data/postgres/orders/2025-01-01/orders.csv
[2025-01-27T16:46:10.050-0300] {logging_mixin.py:188} INFO - Movido: data/dump/shippers.csv -> data/postgres/shippers/2025-01-01/shippers.csv
[2025-01-27T16:46:10.050-0300] {logging_mixin.py:188} INFO - Movido: data/dump/us_states.csv -> data/postgres/us_states/2025-01-01/us_states.csv
[2025-01-27T16:46:10.050-0300] {python.py:201} INFO - Done. Returned value was: None
[2025-01-27T16:46:10.053-0300] {taskinstance.py:1138} INFO - Marking task as SUCCESS. dag_id=extract_data, task_id=organize_folders, execution_date=20250127T194537, start_date=20250127T194609, end_date=20250127T194610
[2025-01-27T16:46:10.234-0300] {local_task_job_runner.py:234} INFO - Task exited with return code 0
[2025-01-27T16:46:10.241-0300] {taskinstance.py:3280} INFO - 0 downstream tasks scheduled from follow-on schedule check
