[2025-01-27T19:02:23.749-0300] {taskinstance.py:1956} INFO - Dependencies all met for dep_context=non-requeueable deps ti=<TaskInstance: extract_data.organize_folders manual__2025-01-27T21:59:59+00:00 [queued]>
[2025-01-27T19:02:23.752-0300] {taskinstance.py:1956} INFO - Dependencies all met for dep_context=requeueable deps ti=<TaskInstance: extract_data.organize_folders manual__2025-01-27T21:59:59+00:00 [queued]>
[2025-01-27T19:02:23.752-0300] {taskinstance.py:2170} INFO - Starting attempt 1 of 1
[2025-01-27T19:02:23.857-0300] {taskinstance.py:2191} INFO - Executing <Task(PythonOperator): organize_folders> on 2025-01-27 21:59:59+00:00
[2025-01-27T19:02:23.861-0300] {standard_task_runner.py:60} INFO - Started process 183737 to run task
[2025-01-27T19:02:23.864-0300] {standard_task_runner.py:87} INFO - Running: ['airflow', 'tasks', 'run', 'extract_data', 'organize_folders', 'manual__2025-01-27T21:59:59+00:00', '--job-id', '74', '--raw', '--subdir', 'DAGS_FOLDER/step1.py', '--cfg-path', '/tmp/tmp92pju0gr']
[2025-01-27T19:02:23.865-0300] {standard_task_runner.py:88} INFO - Job 74: Subtask organize_folders
[2025-01-27T19:02:23.964-0300] {task_command.py:423} INFO - Running <TaskInstance: extract_data.organize_folders manual__2025-01-27T21:59:59+00:00 [running]> on host victor-MS-7C52
[2025-01-27T19:02:24.161-0300] {taskinstance.py:2480} INFO - Exporting env vars: AIRFLOW_CTX_DAG_OWNER='airflow' AIRFLOW_CTX_DAG_ID='extract_data' AIRFLOW_CTX_TASK_ID='organize_folders' AIRFLOW_CTX_EXECUTION_DATE='2025-01-27T21:59:59+00:00' AIRFLOW_CTX_TRY_NUMBER='1' AIRFLOW_CTX_DAG_RUN_ID='manual__2025-01-27T21:59:59+00:00'
[2025-01-27T19:02:24.162-0300] {logging_mixin.py:188} INFO - Movido: data/dump/employee_territories.csv -> data/postgres/employee_territories/2025-01-27/employee_territories.csv
[2025-01-27T19:02:24.162-0300] {logging_mixin.py:188} INFO - Movido: data/dump/customers.csv -> data/postgres/customers/2025-01-27/customers.csv
[2025-01-27T19:02:24.163-0300] {logging_mixin.py:188} INFO - Movido: data/dump/order_details.csv -> data/csv/2025-01-27/order_details.csv
[2025-01-27T19:02:24.163-0300] {logging_mixin.py:188} INFO - Movido: data/dump/territories.csv -> data/postgres/territories/2025-01-27/territories.csv
[2025-01-27T19:02:24.163-0300] {logging_mixin.py:188} INFO - Movido: data/dump/employees.csv -> data/postgres/employees/2025-01-27/employees.csv
[2025-01-27T19:02:24.163-0300] {logging_mixin.py:188} INFO - Movido: data/dump/region.csv -> data/postgres/region/2025-01-27/region.csv
[2025-01-27T19:02:24.164-0300] {logging_mixin.py:188} INFO - Movido: data/dump/categories.csv -> data/postgres/categories/2025-01-27/categories.csv
[2025-01-27T19:02:24.164-0300] {logging_mixin.py:188} INFO - Movido: data/dump/suppliers.csv -> data/postgres/suppliers/2025-01-27/suppliers.csv
[2025-01-27T19:02:24.164-0300] {logging_mixin.py:188} INFO - Movido: data/dump/products.csv -> data/postgres/products/2025-01-27/products.csv
[2025-01-27T19:02:24.164-0300] {logging_mixin.py:188} INFO - Movido: data/dump/orders.csv -> data/postgres/orders/2025-01-27/orders.csv
[2025-01-27T19:02:24.165-0300] {logging_mixin.py:188} INFO - Movido: data/dump/shippers.csv -> data/postgres/shippers/2025-01-27/shippers.csv
[2025-01-27T19:02:24.165-0300] {logging_mixin.py:188} INFO - Movido: data/dump/us_states.csv -> data/postgres/us_states/2025-01-27/us_states.csv
[2025-01-27T19:02:24.165-0300] {python.py:201} INFO - Done. Returned value was: None
[2025-01-27T19:02:24.168-0300] {taskinstance.py:1138} INFO - Marking task as SUCCESS. dag_id=extract_data, task_id=organize_folders, execution_date=20250127T215959, start_date=20250127T220223, end_date=20250127T220224
[2025-01-27T19:02:24.357-0300] {local_task_job_runner.py:234} INFO - Task exited with return code 0
[2025-01-27T19:02:24.365-0300] {taskinstance.py:3280} INFO - 0 downstream tasks scheduled from follow-on schedule check
