2025-01-27T20:03:09.986794Z [info     ] Traceback (most recent call last): cmd_type=elb consumer=False job_name=dev:tap-csv-to-target-postgres name=tap-csv producer=True run_id=fc2d8e6c-d24b-49f7-977c-fec545b9b184 stdio=stderr string_id=tap-csv
2025-01-27T20:03:09.987217Z [info     ]   File "/home/victor/Desktop/TESTE/code-challenge/.meltano/extractors/tap-csv/venv/bin/tap-csv", line 8, in <module> cmd_type=elb consumer=False job_name=dev:tap-csv-to-target-postgres name=tap-csv producer=True run_id=fc2d8e6c-d24b-49f7-977c-fec545b9b184 stdio=stderr string_id=tap-csv
2025-01-27T20:03:09.987380Z [info     ]     sys.exit(TapCSV.cli())     cmd_type=elb consumer=False job_name=dev:tap-csv-to-target-postgres name=tap-csv producer=True run_id=fc2d8e6c-d24b-49f7-977c-fec545b9b184 stdio=stderr string_id=tap-csv
2025-01-27T20:03:09.987528Z [info     ]              ^^^^^^^^^^^^      cmd_type=elb consumer=False job_name=dev:tap-csv-to-target-postgres name=tap-csv producer=True run_id=fc2d8e6c-d24b-49f7-977c-fec545b9b184 stdio=stderr string_id=tap-csv
2025-01-27T20:03:09.987683Z [info     ]   File "/home/victor/Desktop/TESTE/code-challenge/.meltano/extractors/tap-csv/venv/lib/python3.11/site-packages/click/core.py", line 1161, in __call__ cmd_type=elb consumer=False job_name=dev:tap-csv-to-target-postgres name=tap-csv producer=True run_id=fc2d8e6c-d24b-49f7-977c-fec545b9b184 stdio=stderr string_id=tap-csv
2025-01-27T20:03:09.987875Z [info     ]     return self.main(*args, **kwargs) cmd_type=elb consumer=False job_name=dev:tap-csv-to-target-postgres name=tap-csv producer=True run_id=fc2d8e6c-d24b-49f7-977c-fec545b9b184 stdio=stderr string_id=tap-csv
2025-01-27T20:03:09.988003Z [info     ]            ^^^^^^^^^^^^^^^^^^^^^^^^^^ cmd_type=elb consumer=False job_name=dev:tap-csv-to-target-postgres name=tap-csv producer=True run_id=fc2d8e6c-d24b-49f7-977c-fec545b9b184 stdio=stderr string_id=tap-csv
2025-01-27T20:03:09.988134Z [info     ]   File "/home/victor/Desktop/TESTE/code-challenge/.meltano/extractors/tap-csv/venv/lib/python3.11/site-packages/click/core.py", line 1082, in main cmd_type=elb consumer=False job_name=dev:tap-csv-to-target-postgres name=tap-csv producer=True run_id=fc2d8e6c-d24b-49f7-977c-fec545b9b184 stdio=stderr string_id=tap-csv
2025-01-27T20:03:09.988261Z [info     ]     rv = self.invoke(ctx)      cmd_type=elb consumer=False job_name=dev:tap-csv-to-target-postgres name=tap-csv producer=True run_id=fc2d8e6c-d24b-49f7-977c-fec545b9b184 stdio=stderr string_id=tap-csv
2025-01-27T20:03:09.988384Z [info     ]          ^^^^^^^^^^^^^^^^      cmd_type=elb consumer=False job_name=dev:tap-csv-to-target-postgres name=tap-csv producer=True run_id=fc2d8e6c-d24b-49f7-977c-fec545b9b184 stdio=stderr string_id=tap-csv
2025-01-27T20:03:09.988505Z [info     ]   File "/home/victor/Desktop/TESTE/code-challenge/.meltano/extractors/tap-csv/venv/lib/python3.11/site-packages/singer_sdk/plugin_base.py", line 87, in invoke cmd_type=elb consumer=False job_name=dev:tap-csv-to-target-postgres name=tap-csv producer=True run_id=fc2d8e6c-d24b-49f7-977c-fec545b9b184 stdio=stderr string_id=tap-csv
2025-01-27T20:03:09.988647Z [info     ]     return super().invoke(ctx) cmd_type=elb consumer=False job_name=dev:tap-csv-to-target-postgres name=tap-csv producer=True run_id=fc2d8e6c-d24b-49f7-977c-fec545b9b184 stdio=stderr string_id=tap-csv
2025-01-27T20:03:09.988737Z [info     ]            ^^^^^^^^^^^^^^^^^^^ cmd_type=elb consumer=False job_name=dev:tap-csv-to-target-postgres name=tap-csv producer=True run_id=fc2d8e6c-d24b-49f7-977c-fec545b9b184 stdio=stderr string_id=tap-csv
2025-01-27T20:03:09.988816Z [info     ]   File "/home/victor/Desktop/TESTE/code-challenge/.meltano/extractors/tap-csv/venv/lib/python3.11/site-packages/click/core.py", line 1443, in invoke cmd_type=elb consumer=False job_name=dev:tap-csv-to-target-postgres name=tap-csv producer=True run_id=fc2d8e6c-d24b-49f7-977c-fec545b9b184 stdio=stderr string_id=tap-csv
2025-01-27T20:03:09.988891Z [info     ]     return ctx.invoke(self.callback, **ctx.params) cmd_type=elb consumer=False job_name=dev:tap-csv-to-target-postgres name=tap-csv producer=True run_id=fc2d8e6c-d24b-49f7-977c-fec545b9b184 stdio=stderr string_id=tap-csv
2025-01-27T20:03:09.988976Z [info     ]            ^^^^^^^^^^^^^^^^^^^^^^^^^^^^^^^^^^^^^^^ cmd_type=elb consumer=False job_name=dev:tap-csv-to-target-postgres name=tap-csv producer=True run_id=fc2d8e6c-d24b-49f7-977c-fec545b9b184 stdio=stderr string_id=tap-csv
2025-01-27T20:03:09.989053Z [info     ]   File "/home/victor/Desktop/TESTE/code-challenge/.meltano/extractors/tap-csv/venv/lib/python3.11/site-packages/click/core.py", line 788, in invoke cmd_type=elb consumer=False job_name=dev:tap-csv-to-target-postgres name=tap-csv producer=True run_id=fc2d8e6c-d24b-49f7-977c-fec545b9b184 stdio=stderr string_id=tap-csv
2025-01-27T20:03:09.989129Z [info     ]     return __callback(*args, **kwargs) cmd_type=elb consumer=False job_name=dev:tap-csv-to-target-postgres name=tap-csv producer=True run_id=fc2d8e6c-d24b-49f7-977c-fec545b9b184 stdio=stderr string_id=tap-csv
2025-01-27T20:03:09.989202Z [info     ]            ^^^^^^^^^^^^^^^^^^^^^^^^^^^ cmd_type=elb consumer=False job_name=dev:tap-csv-to-target-postgres name=tap-csv producer=True run_id=fc2d8e6c-d24b-49f7-977c-fec545b9b184 stdio=stderr string_id=tap-csv
2025-01-27T20:03:09.989363Z [info     ]   File "/home/victor/Desktop/TESTE/code-challenge/.meltano/extractors/tap-csv/venv/lib/python3.11/site-packages/singer_sdk/tap_base.py", line 522, in invoke cmd_type=elb consumer=False job_name=dev:tap-csv-to-target-postgres name=tap-csv producer=True run_id=fc2d8e6c-d24b-49f7-977c-fec545b9b184 stdio=stderr string_id=tap-csv
2025-01-27T20:03:09.989497Z [info     ]     tap.sync_all()             cmd_type=elb consumer=False job_name=dev:tap-csv-to-target-postgres name=tap-csv producer=True run_id=fc2d8e6c-d24b-49f7-977c-fec545b9b184 stdio=stderr string_id=tap-csv
2025-01-27T20:03:09.989628Z [info     ]   File "/home/victor/Desktop/TESTE/code-challenge/.meltano/extractors/tap-csv/venv/lib/python3.11/site-packages/singer_sdk/tap_base.py", line 462, in sync_all cmd_type=elb consumer=False job_name=dev:tap-csv-to-target-postgres name=tap-csv producer=True run_id=fc2d8e6c-d24b-49f7-977c-fec545b9b184 stdio=stderr string_id=tap-csv
2025-01-27T20:03:09.989714Z [info     ]     self._set_compatible_replication_methods() cmd_type=elb consumer=False job_name=dev:tap-csv-to-target-postgres name=tap-csv producer=True run_id=fc2d8e6c-d24b-49f7-977c-fec545b9b184 stdio=stderr string_id=tap-csv
2025-01-27T20:03:09.989801Z [info     ]   File "/home/victor/Desktop/TESTE/code-challenge/.meltano/extractors/tap-csv/venv/lib/python3.11/site-packages/singer_sdk/tap_base.py", line 441, in _set_compatible_replication_methods cmd_type=elb consumer=False job_name=dev:tap-csv-to-target-postgres name=tap-csv producer=True run_id=fc2d8e6c-d24b-49f7-977c-fec545b9b184 stdio=stderr string_id=tap-csv
2025-01-27T20:03:09.989889Z [info     ]     for stream in self.streams.values(): cmd_type=elb consumer=False job_name=dev:tap-csv-to-target-postgres name=tap-csv producer=True run_id=fc2d8e6c-d24b-49f7-977c-fec545b9b184 stdio=stderr string_id=tap-csv
2025-01-27T20:03:09.989984Z [info     ]                   ^^^^^^^^^^^^ cmd_type=elb consumer=False job_name=dev:tap-csv-to-target-postgres name=tap-csv producer=True run_id=fc2d8e6c-d24b-49f7-977c-fec545b9b184 stdio=stderr string_id=tap-csv
2025-01-27T20:03:09.990087Z [info     ]   File "/home/victor/Desktop/TESTE/code-challenge/.meltano/extractors/tap-csv/venv/lib/python3.11/site-packages/singer_sdk/tap_base.py", line 149, in streams cmd_type=elb consumer=False job_name=dev:tap-csv-to-target-postgres name=tap-csv producer=True run_id=fc2d8e6c-d24b-49f7-977c-fec545b9b184 stdio=stderr string_id=tap-csv
2025-01-27T20:03:09.990166Z [info     ]     for stream in self.load_streams(): cmd_type=elb consumer=False job_name=dev:tap-csv-to-target-postgres name=tap-csv producer=True run_id=fc2d8e6c-d24b-49f7-977c-fec545b9b184 stdio=stderr string_id=tap-csv
2025-01-27T20:03:09.990315Z [info     ]                   ^^^^^^^^^^^^^^^^^^^ cmd_type=elb consumer=False job_name=dev:tap-csv-to-target-postgres name=tap-csv producer=True run_id=fc2d8e6c-d24b-49f7-977c-fec545b9b184 stdio=stderr string_id=tap-csv
2025-01-27T20:03:09.990412Z [info     ]   File "/home/victor/Desktop/TESTE/code-challenge/.meltano/extractors/tap-csv/venv/lib/python3.11/site-packages/singer_sdk/tap_base.py", line 373, in load_streams cmd_type=elb consumer=False job_name=dev:tap-csv-to-target-postgres name=tap-csv producer=True run_id=fc2d8e6c-d24b-49f7-977c-fec545b9b184 stdio=stderr string_id=tap-csv
2025-01-27T20:03:09.990492Z [info     ]     for stream in self.discover_streams(): cmd_type=elb consumer=False job_name=dev:tap-csv-to-target-postgres name=tap-csv producer=True run_id=fc2d8e6c-d24b-49f7-977c-fec545b9b184 stdio=stderr string_id=tap-csv
2025-01-27T20:03:09.990599Z [info     ]                   ^^^^^^^^^^^^^^^^^^^^^^^ cmd_type=elb consumer=False job_name=dev:tap-csv-to-target-postgres name=tap-csv producer=True run_id=fc2d8e6c-d24b-49f7-977c-fec545b9b184 stdio=stderr string_id=tap-csv
2025-01-27T20:03:09.990675Z [info     ]   File "/home/victor/Desktop/TESTE/code-challenge/.meltano/extractors/tap-csv/venv/lib/python3.11/site-packages/tap_csv/tap.py", line 89, in discover_streams cmd_type=elb consumer=False job_name=dev:tap-csv-to-target-postgres name=tap-csv producer=True run_id=fc2d8e6c-d24b-49f7-977c-fec545b9b184 stdio=stderr string_id=tap-csv
2025-01-27T20:03:09.990759Z [info     ]     return [                   cmd_type=elb consumer=False job_name=dev:tap-csv-to-target-postgres name=tap-csv producer=True run_id=fc2d8e6c-d24b-49f7-977c-fec545b9b184 stdio=stderr string_id=tap-csv
2025-01-27T20:03:09.990842Z [info     ]            ^                   cmd_type=elb consumer=False job_name=dev:tap-csv-to-target-postgres name=tap-csv producer=True run_id=fc2d8e6c-d24b-49f7-977c-fec545b9b184 stdio=stderr string_id=tap-csv
2025-01-27T20:03:09.990912Z [info     ]   File "/home/victor/Desktop/TESTE/code-challenge/.meltano/extractors/tap-csv/venv/lib/python3.11/site-packages/tap_csv/tap.py", line 90, in <listcomp> cmd_type=elb consumer=False job_name=dev:tap-csv-to-target-postgres name=tap-csv producer=True run_id=fc2d8e6c-d24b-49f7-977c-fec545b9b184 stdio=stderr string_id=tap-csv
2025-01-27T20:03:09.990993Z [info     ]     CSVStream(                 cmd_type=elb consumer=False job_name=dev:tap-csv-to-target-postgres name=tap-csv producer=True run_id=fc2d8e6c-d24b-49f7-977c-fec545b9b184 stdio=stderr string_id=tap-csv
2025-01-27T20:03:09.991062Z [info     ]   File "/home/victor/Desktop/TESTE/code-challenge/.meltano/extractors/tap-csv/venv/lib/python3.11/site-packages/tap_csv/client.py", line 32, in __init__ cmd_type=elb consumer=False job_name=dev:tap-csv-to-target-postgres name=tap-csv producer=True run_id=fc2d8e6c-d24b-49f7-977c-fec545b9b184 stdio=stderr string_id=tap-csv
2025-01-27T20:03:09.991128Z [info     ]     super().__init__(*args, **kwargs) cmd_type=elb consumer=False job_name=dev:tap-csv-to-target-postgres name=tap-csv producer=True run_id=fc2d8e6c-d24b-49f7-977c-fec545b9b184 stdio=stderr string_id=tap-csv
2025-01-27T20:03:09.991193Z [info     ]   File "/home/victor/Desktop/TESTE/code-challenge/.meltano/extractors/tap-csv/venv/lib/python3.11/site-packages/singer_sdk/streams/core.py", line 182, in __init__ cmd_type=elb consumer=False job_name=dev:tap-csv-to-target-postgres name=tap-csv producer=True run_id=fc2d8e6c-d24b-49f7-977c-fec545b9b184 stdio=stderr string_id=tap-csv
2025-01-27T20:03:09.991260Z [info     ]     if not self.schema:        cmd_type=elb consumer=False job_name=dev:tap-csv-to-target-postgres name=tap-csv producer=True run_id=fc2d8e6c-d24b-49f7-977c-fec545b9b184 stdio=stderr string_id=tap-csv
2025-01-27T20:03:09.991325Z [info     ]            ^^^^^^^^^^^         cmd_type=elb consumer=False job_name=dev:tap-csv-to-target-postgres name=tap-csv producer=True run_id=fc2d8e6c-d24b-49f7-977c-fec545b9b184 stdio=stderr string_id=tap-csv
2025-01-27T20:03:09.991390Z [info     ]   File "/usr/lib/python3.11/functools.py", line 1001, in __get__ cmd_type=elb consumer=False job_name=dev:tap-csv-to-target-postgres name=tap-csv producer=True run_id=fc2d8e6c-d24b-49f7-977c-fec545b9b184 stdio=stderr string_id=tap-csv
2025-01-27T20:03:09.991505Z [info     ]     val = self.func(instance)  cmd_type=elb consumer=False job_name=dev:tap-csv-to-target-postgres name=tap-csv producer=True run_id=fc2d8e6c-d24b-49f7-977c-fec545b9b184 stdio=stderr string_id=tap-csv
2025-01-27T20:03:09.991601Z [info     ]           ^^^^^^^^^^^^^^^^^^^  cmd_type=elb consumer=False job_name=dev:tap-csv-to-target-postgres name=tap-csv producer=True run_id=fc2d8e6c-d24b-49f7-977c-fec545b9b184 stdio=stderr string_id=tap-csv
2025-01-27T20:03:09.991672Z [info     ]   File "/home/victor/Desktop/TESTE/code-challenge/.meltano/extractors/tap-csv/venv/lib/python3.11/site-packages/tap_csv/client.py", line 137, in schema cmd_type=elb consumer=False job_name=dev:tap-csv-to-target-postgres name=tap-csv producer=True run_id=fc2d8e6c-d24b-49f7-977c-fec545b9b184 stdio=stderr string_id=tap-csv
2025-01-27T20:03:09.991767Z [info     ]     for file_path in self.get_file_paths(): cmd_type=elb consumer=False job_name=dev:tap-csv-to-target-postgres name=tap-csv producer=True run_id=fc2d8e6c-d24b-49f7-977c-fec545b9b184 stdio=stderr string_id=tap-csv
2025-01-27T20:03:09.991842Z [info     ]                      ^^^^^^^^^^^^^^^^^^^^^ cmd_type=elb consumer=False job_name=dev:tap-csv-to-target-postgres name=tap-csv producer=True run_id=fc2d8e6c-d24b-49f7-977c-fec545b9b184 stdio=stderr string_id=tap-csv
2025-01-27T20:03:09.991911Z [info     ]   File "/home/victor/Desktop/TESTE/code-challenge/.meltano/extractors/tap-csv/venv/lib/python3.11/site-packages/tap_csv/client.py", line 82, in get_file_paths cmd_type=elb consumer=False job_name=dev:tap-csv-to-target-postgres name=tap-csv producer=True run_id=fc2d8e6c-d24b-49f7-977c-fec545b9b184 stdio=stderr string_id=tap-csv
2025-01-27T20:03:09.991980Z [info     ]     raise Exception(f"File path does not exist {file_path}") cmd_type=elb consumer=False job_name=dev:tap-csv-to-target-postgres name=tap-csv producer=True run_id=fc2d8e6c-d24b-49f7-977c-fec545b9b184 stdio=stderr string_id=tap-csv
2025-01-27T20:03:09.992047Z [info     ] Exception: File path does not exist data/dump/order_details.csv cmd_type=elb consumer=False job_name=dev:tap-csv-to-target-postgres name=tap-csv producer=True run_id=fc2d8e6c-d24b-49f7-977c-fec545b9b184 stdio=stderr string_id=tap-csv
2025-01-27T20:03:10.215247Z [info     ] 2025-01-27 17:03:10,214 | INFO     | target-postgres      | Target 'target-postgres' is listening for input from tap. cmd_type=elb consumer=True job_name=dev:tap-csv-to-target-postgres name=target-postgres producer=False run_id=fc2d8e6c-d24b-49f7-977c-fec545b9b184 stdio=stderr string_id=target-postgres
2025-01-27T20:03:10.215628Z [info     ] 2025-01-27 17:03:10,214 | INFO     | target-postgres      | Target 'target-postgres' completed reading 0 lines of input (0 schemas, 0 records, 0 batch manifests, 0 state messages). cmd_type=elb consumer=True job_name=dev:tap-csv-to-target-postgres name=target-postgres producer=False run_id=fc2d8e6c-d24b-49f7-977c-fec545b9b184 stdio=stderr string_id=target-postgres
2025-01-27T20:03:10.215775Z [info     ] 2025-01-27 17:03:10,215 | INFO     | target-postgres      | Emitting completed target state {} cmd_type=elb consumer=True job_name=dev:tap-csv-to-target-postgres name=target-postgres producer=False run_id=fc2d8e6c-d24b-49f7-977c-fec545b9b184 stdio=stderr string_id=target-postgres
2025-01-27T20:03:10.332144Z [info     ] Incremental state has been updated at 2025-01-27 20:03:10.332115+00:00.
2025-01-27T20:03:10.374740Z [error    ] Extractor failed
2025-01-27T20:03:10.375067Z [error    ] Block run completed.           block_type=ExtractLoadBlocks err=RunnerError('Extractor failed') exit_codes={<PluginType.EXTRACTORS: 'extractors'>: 1} set_number=0 success=False
