2025-01-27T17:26:15.124885Z [info     ] Traceback (most recent call last): cmd_type=elb consumer=False job_name=dev:tap-csv-to-target-postgres name=tap-csv producer=True run_id=ce1311ba-17e6-4449-a9fe-50ba943c105d stdio=stderr string_id=tap-csv
2025-01-27T17:26:15.125325Z [info     ]   File "/home/victor/Desktop/TESTE/code-challenge/.meltano/extractors/tap-csv/venv/bin/tap-csv", line 8, in <module> cmd_type=elb consumer=False job_name=dev:tap-csv-to-target-postgres name=tap-csv producer=True run_id=ce1311ba-17e6-4449-a9fe-50ba943c105d stdio=stderr string_id=tap-csv
2025-01-27T17:26:15.125488Z [info     ]     sys.exit(TapCSV.cli())     cmd_type=elb consumer=False job_name=dev:tap-csv-to-target-postgres name=tap-csv producer=True run_id=ce1311ba-17e6-4449-a9fe-50ba943c105d stdio=stderr string_id=tap-csv
2025-01-27T17:26:15.125674Z [info     ]              ^^^^^^^^^^^^      cmd_type=elb consumer=False job_name=dev:tap-csv-to-target-postgres name=tap-csv producer=True run_id=ce1311ba-17e6-4449-a9fe-50ba943c105d stdio=stderr string_id=tap-csv
2025-01-27T17:26:15.125827Z [info     ]   File "/home/victor/Desktop/TESTE/code-challenge/.meltano/extractors/tap-csv/venv/lib/python3.11/site-packages/click/core.py", line 1161, in __call__ cmd_type=elb consumer=False job_name=dev:tap-csv-to-target-postgres name=tap-csv producer=True run_id=ce1311ba-17e6-4449-a9fe-50ba943c105d stdio=stderr string_id=tap-csv
2025-01-27T17:26:15.125993Z [info     ]     return self.main(*args, **kwargs) cmd_type=elb consumer=False job_name=dev:tap-csv-to-target-postgres name=tap-csv producer=True run_id=ce1311ba-17e6-4449-a9fe-50ba943c105d stdio=stderr string_id=tap-csv
2025-01-27T17:26:15.126137Z [info     ]            ^^^^^^^^^^^^^^^^^^^^^^^^^^ cmd_type=elb consumer=False job_name=dev:tap-csv-to-target-postgres name=tap-csv producer=True run_id=ce1311ba-17e6-4449-a9fe-50ba943c105d stdio=stderr string_id=tap-csv
2025-01-27T17:26:15.126280Z [info     ]   File "/home/victor/Desktop/TESTE/code-challenge/.meltano/extractors/tap-csv/venv/lib/python3.11/site-packages/click/core.py", line 1082, in main cmd_type=elb consumer=False job_name=dev:tap-csv-to-target-postgres name=tap-csv producer=True run_id=ce1311ba-17e6-4449-a9fe-50ba943c105d stdio=stderr string_id=tap-csv
2025-01-27T17:26:15.126420Z [info     ]     rv = self.invoke(ctx)      cmd_type=elb consumer=False job_name=dev:tap-csv-to-target-postgres name=tap-csv producer=True run_id=ce1311ba-17e6-4449-a9fe-50ba943c105d stdio=stderr string_id=tap-csv
2025-01-27T17:26:15.126567Z [info     ]          ^^^^^^^^^^^^^^^^      cmd_type=elb consumer=False job_name=dev:tap-csv-to-target-postgres name=tap-csv producer=True run_id=ce1311ba-17e6-4449-a9fe-50ba943c105d stdio=stderr string_id=tap-csv
2025-01-27T17:26:15.126656Z [info     ]   File "/home/victor/Desktop/TESTE/code-challenge/.meltano/extractors/tap-csv/venv/lib/python3.11/site-packages/singer_sdk/plugin_base.py", line 87, in invoke cmd_type=elb consumer=False job_name=dev:tap-csv-to-target-postgres name=tap-csv producer=True run_id=ce1311ba-17e6-4449-a9fe-50ba943c105d stdio=stderr string_id=tap-csv
2025-01-27T17:26:15.126738Z [info     ]     return super().invoke(ctx) cmd_type=elb consumer=False job_name=dev:tap-csv-to-target-postgres name=tap-csv producer=True run_id=ce1311ba-17e6-4449-a9fe-50ba943c105d stdio=stderr string_id=tap-csv
2025-01-27T17:26:15.126815Z [info     ]            ^^^^^^^^^^^^^^^^^^^ cmd_type=elb consumer=False job_name=dev:tap-csv-to-target-postgres name=tap-csv producer=True run_id=ce1311ba-17e6-4449-a9fe-50ba943c105d stdio=stderr string_id=tap-csv
2025-01-27T17:26:15.126891Z [info     ]   File "/home/victor/Desktop/TESTE/code-challenge/.meltano/extractors/tap-csv/venv/lib/python3.11/site-packages/click/core.py", line 1443, in invoke cmd_type=elb consumer=False job_name=dev:tap-csv-to-target-postgres name=tap-csv producer=True run_id=ce1311ba-17e6-4449-a9fe-50ba943c105d stdio=stderr string_id=tap-csv
2025-01-27T17:26:15.126968Z [info     ]     return ctx.invoke(self.callback, **ctx.params) cmd_type=elb consumer=False job_name=dev:tap-csv-to-target-postgres name=tap-csv producer=True run_id=ce1311ba-17e6-4449-a9fe-50ba943c105d stdio=stderr string_id=tap-csv
2025-01-27T17:26:15.127052Z [info     ]            ^^^^^^^^^^^^^^^^^^^^^^^^^^^^^^^^^^^^^^^ cmd_type=elb consumer=False job_name=dev:tap-csv-to-target-postgres name=tap-csv producer=True run_id=ce1311ba-17e6-4449-a9fe-50ba943c105d stdio=stderr string_id=tap-csv
2025-01-27T17:26:15.127133Z [info     ]   File "/home/victor/Desktop/TESTE/code-challenge/.meltano/extractors/tap-csv/venv/lib/python3.11/site-packages/click/core.py", line 788, in invoke cmd_type=elb consumer=False job_name=dev:tap-csv-to-target-postgres name=tap-csv producer=True run_id=ce1311ba-17e6-4449-a9fe-50ba943c105d stdio=stderr string_id=tap-csv
2025-01-27T17:26:15.127210Z [info     ]     return __callback(*args, **kwargs) cmd_type=elb consumer=False job_name=dev:tap-csv-to-target-postgres name=tap-csv producer=True run_id=ce1311ba-17e6-4449-a9fe-50ba943c105d stdio=stderr string_id=tap-csv
2025-01-27T17:26:15.127285Z [info     ]            ^^^^^^^^^^^^^^^^^^^^^^^^^^^ cmd_type=elb consumer=False job_name=dev:tap-csv-to-target-postgres name=tap-csv producer=True run_id=ce1311ba-17e6-4449-a9fe-50ba943c105d stdio=stderr string_id=tap-csv
2025-01-27T17:26:15.127359Z [info     ]   File "/home/victor/Desktop/TESTE/code-challenge/.meltano/extractors/tap-csv/venv/lib/python3.11/site-packages/singer_sdk/tap_base.py", line 522, in invoke cmd_type=elb consumer=False job_name=dev:tap-csv-to-target-postgres name=tap-csv producer=True run_id=ce1311ba-17e6-4449-a9fe-50ba943c105d stdio=stderr string_id=tap-csv
2025-01-27T17:26:15.127434Z [info     ]     tap.sync_all()             cmd_type=elb consumer=False job_name=dev:tap-csv-to-target-postgres name=tap-csv producer=True run_id=ce1311ba-17e6-4449-a9fe-50ba943c105d stdio=stderr string_id=tap-csv
2025-01-27T17:26:15.127516Z [info     ]   File "/home/victor/Desktop/TESTE/code-challenge/.meltano/extractors/tap-csv/venv/lib/python3.11/site-packages/singer_sdk/tap_base.py", line 462, in sync_all cmd_type=elb consumer=False job_name=dev:tap-csv-to-target-postgres name=tap-csv producer=True run_id=ce1311ba-17e6-4449-a9fe-50ba943c105d stdio=stderr string_id=tap-csv
2025-01-27T17:26:15.127595Z [info     ]     self._set_compatible_replication_methods() cmd_type=elb consumer=False job_name=dev:tap-csv-to-target-postgres name=tap-csv producer=True run_id=ce1311ba-17e6-4449-a9fe-50ba943c105d stdio=stderr string_id=tap-csv
2025-01-27T17:26:15.127670Z [info     ]   File "/home/victor/Desktop/TESTE/code-challenge/.meltano/extractors/tap-csv/venv/lib/python3.11/site-packages/singer_sdk/tap_base.py", line 441, in _set_compatible_replication_methods cmd_type=elb consumer=False job_name=dev:tap-csv-to-target-postgres name=tap-csv producer=True run_id=ce1311ba-17e6-4449-a9fe-50ba943c105d stdio=stderr string_id=tap-csv
2025-01-27T17:26:15.127778Z [info     ]     for stream in self.streams.values(): cmd_type=elb consumer=False job_name=dev:tap-csv-to-target-postgres name=tap-csv producer=True run_id=ce1311ba-17e6-4449-a9fe-50ba943c105d stdio=stderr string_id=tap-csv
2025-01-27T17:26:15.127860Z [info     ]                   ^^^^^^^^^^^^ cmd_type=elb consumer=False job_name=dev:tap-csv-to-target-postgres name=tap-csv producer=True run_id=ce1311ba-17e6-4449-a9fe-50ba943c105d stdio=stderr string_id=tap-csv
2025-01-27T17:26:15.127955Z [info     ]   File "/home/victor/Desktop/TESTE/code-challenge/.meltano/extractors/tap-csv/venv/lib/python3.11/site-packages/singer_sdk/tap_base.py", line 149, in streams cmd_type=elb consumer=False job_name=dev:tap-csv-to-target-postgres name=tap-csv producer=True run_id=ce1311ba-17e6-4449-a9fe-50ba943c105d stdio=stderr string_id=tap-csv
2025-01-27T17:26:15.128064Z [info     ]     for stream in self.load_streams(): cmd_type=elb consumer=False job_name=dev:tap-csv-to-target-postgres name=tap-csv producer=True run_id=ce1311ba-17e6-4449-a9fe-50ba943c105d stdio=stderr string_id=tap-csv
2025-01-27T17:26:15.128163Z [info     ]                   ^^^^^^^^^^^^^^^^^^^ cmd_type=elb consumer=False job_name=dev:tap-csv-to-target-postgres name=tap-csv producer=True run_id=ce1311ba-17e6-4449-a9fe-50ba943c105d stdio=stderr string_id=tap-csv
2025-01-27T17:26:15.128264Z [info     ]   File "/home/victor/Desktop/TESTE/code-challenge/.meltano/extractors/tap-csv/venv/lib/python3.11/site-packages/singer_sdk/tap_base.py", line 373, in load_streams cmd_type=elb consumer=False job_name=dev:tap-csv-to-target-postgres name=tap-csv producer=True run_id=ce1311ba-17e6-4449-a9fe-50ba943c105d stdio=stderr string_id=tap-csv
2025-01-27T17:26:15.128367Z [info     ]     for stream in self.discover_streams(): cmd_type=elb consumer=False job_name=dev:tap-csv-to-target-postgres name=tap-csv producer=True run_id=ce1311ba-17e6-4449-a9fe-50ba943c105d stdio=stderr string_id=tap-csv
2025-01-27T17:26:15.128460Z [info     ]                   ^^^^^^^^^^^^^^^^^^^^^^^ cmd_type=elb consumer=False job_name=dev:tap-csv-to-target-postgres name=tap-csv producer=True run_id=ce1311ba-17e6-4449-a9fe-50ba943c105d stdio=stderr string_id=tap-csv
2025-01-27T17:26:15.128575Z [info     ]   File "/home/victor/Desktop/TESTE/code-challenge/.meltano/extractors/tap-csv/venv/lib/python3.11/site-packages/tap_csv/tap.py", line 89, in discover_streams cmd_type=elb consumer=False job_name=dev:tap-csv-to-target-postgres name=tap-csv producer=True run_id=ce1311ba-17e6-4449-a9fe-50ba943c105d stdio=stderr string_id=tap-csv
2025-01-27T17:26:15.128674Z [info     ]     return [                   cmd_type=elb consumer=False job_name=dev:tap-csv-to-target-postgres name=tap-csv producer=True run_id=ce1311ba-17e6-4449-a9fe-50ba943c105d stdio=stderr string_id=tap-csv
2025-01-27T17:26:15.128768Z [info     ]            ^                   cmd_type=elb consumer=False job_name=dev:tap-csv-to-target-postgres name=tap-csv producer=True run_id=ce1311ba-17e6-4449-a9fe-50ba943c105d stdio=stderr string_id=tap-csv
2025-01-27T17:26:15.128862Z [info     ]   File "/home/victor/Desktop/TESTE/code-challenge/.meltano/extractors/tap-csv/venv/lib/python3.11/site-packages/tap_csv/tap.py", line 90, in <listcomp> cmd_type=elb consumer=False job_name=dev:tap-csv-to-target-postgres name=tap-csv producer=True run_id=ce1311ba-17e6-4449-a9fe-50ba943c105d stdio=stderr string_id=tap-csv
2025-01-27T17:26:15.128954Z [info     ]     CSVStream(                 cmd_type=elb consumer=False job_name=dev:tap-csv-to-target-postgres name=tap-csv producer=True run_id=ce1311ba-17e6-4449-a9fe-50ba943c105d stdio=stderr string_id=tap-csv
2025-01-27T17:26:15.129047Z [info     ]   File "/home/victor/Desktop/TESTE/code-challenge/.meltano/extractors/tap-csv/venv/lib/python3.11/site-packages/tap_csv/client.py", line 32, in __init__ cmd_type=elb consumer=False job_name=dev:tap-csv-to-target-postgres name=tap-csv producer=True run_id=ce1311ba-17e6-4449-a9fe-50ba943c105d stdio=stderr string_id=tap-csv
2025-01-27T17:26:15.129136Z [info     ]     super().__init__(*args, **kwargs) cmd_type=elb consumer=False job_name=dev:tap-csv-to-target-postgres name=tap-csv producer=True run_id=ce1311ba-17e6-4449-a9fe-50ba943c105d stdio=stderr string_id=tap-csv
2025-01-27T17:26:15.129230Z [info     ]   File "/home/victor/Desktop/TESTE/code-challenge/.meltano/extractors/tap-csv/venv/lib/python3.11/site-packages/singer_sdk/streams/core.py", line 182, in __init__ cmd_type=elb consumer=False job_name=dev:tap-csv-to-target-postgres name=tap-csv producer=True run_id=ce1311ba-17e6-4449-a9fe-50ba943c105d stdio=stderr string_id=tap-csv
2025-01-27T17:26:15.129321Z [info     ]     if not self.schema:        cmd_type=elb consumer=False job_name=dev:tap-csv-to-target-postgres name=tap-csv producer=True run_id=ce1311ba-17e6-4449-a9fe-50ba943c105d stdio=stderr string_id=tap-csv
2025-01-27T17:26:15.129413Z [info     ]            ^^^^^^^^^^^         cmd_type=elb consumer=False job_name=dev:tap-csv-to-target-postgres name=tap-csv producer=True run_id=ce1311ba-17e6-4449-a9fe-50ba943c105d stdio=stderr string_id=tap-csv
2025-01-27T17:26:15.129503Z [info     ]   File "/usr/lib/python3.11/functools.py", line 1001, in __get__ cmd_type=elb consumer=False job_name=dev:tap-csv-to-target-postgres name=tap-csv producer=True run_id=ce1311ba-17e6-4449-a9fe-50ba943c105d stdio=stderr string_id=tap-csv
2025-01-27T17:26:15.129615Z [info     ]     val = self.func(instance)  cmd_type=elb consumer=False job_name=dev:tap-csv-to-target-postgres name=tap-csv producer=True run_id=ce1311ba-17e6-4449-a9fe-50ba943c105d stdio=stderr string_id=tap-csv
2025-01-27T17:26:15.129698Z [info     ]           ^^^^^^^^^^^^^^^^^^^  cmd_type=elb consumer=False job_name=dev:tap-csv-to-target-postgres name=tap-csv producer=True run_id=ce1311ba-17e6-4449-a9fe-50ba943c105d stdio=stderr string_id=tap-csv
2025-01-27T17:26:15.129775Z [info     ]   File "/home/victor/Desktop/TESTE/code-challenge/.meltano/extractors/tap-csv/venv/lib/python3.11/site-packages/tap_csv/client.py", line 137, in schema cmd_type=elb consumer=False job_name=dev:tap-csv-to-target-postgres name=tap-csv producer=True run_id=ce1311ba-17e6-4449-a9fe-50ba943c105d stdio=stderr string_id=tap-csv
2025-01-27T17:26:15.129853Z [info     ]     for file_path in self.get_file_paths(): cmd_type=elb consumer=False job_name=dev:tap-csv-to-target-postgres name=tap-csv producer=True run_id=ce1311ba-17e6-4449-a9fe-50ba943c105d stdio=stderr string_id=tap-csv
2025-01-27T17:26:15.129928Z [info     ]                      ^^^^^^^^^^^^^^^^^^^^^ cmd_type=elb consumer=False job_name=dev:tap-csv-to-target-postgres name=tap-csv producer=True run_id=ce1311ba-17e6-4449-a9fe-50ba943c105d stdio=stderr string_id=tap-csv
2025-01-27T17:26:15.130004Z [info     ]   File "/home/victor/Desktop/TESTE/code-challenge/.meltano/extractors/tap-csv/venv/lib/python3.11/site-packages/tap_csv/client.py", line 82, in get_file_paths cmd_type=elb consumer=False job_name=dev:tap-csv-to-target-postgres name=tap-csv producer=True run_id=ce1311ba-17e6-4449-a9fe-50ba943c105d stdio=stderr string_id=tap-csv
2025-01-27T17:26:15.130080Z [info     ]     raise Exception(f"File path does not exist {file_path}") cmd_type=elb consumer=False job_name=dev:tap-csv-to-target-postgres name=tap-csv producer=True run_id=ce1311ba-17e6-4449-a9fe-50ba943c105d stdio=stderr string_id=tap-csv
2025-01-27T17:26:15.130187Z [info     ] Exception: File path does not exist data/postgres/public-categories/2025-01-27/categories.csv cmd_type=elb consumer=False job_name=dev:tap-csv-to-target-postgres name=tap-csv producer=True run_id=ce1311ba-17e6-4449-a9fe-50ba943c105d stdio=stderr string_id=tap-csv
2025-01-27T17:26:15.319128Z [info     ] 2025-01-27 14:26:15,318 | INFO     | target-postgres      | Target 'target-postgres' is listening for input from tap. cmd_type=elb consumer=True job_name=dev:tap-csv-to-target-postgres name=target-postgres producer=False run_id=ce1311ba-17e6-4449-a9fe-50ba943c105d stdio=stderr string_id=target-postgres
2025-01-27T17:26:15.319367Z [info     ] 2025-01-27 14:26:15,319 | INFO     | target-postgres      | Target 'target-postgres' completed reading 0 lines of input (0 schemas, 0 records, 0 batch manifests, 0 state messages). cmd_type=elb consumer=True job_name=dev:tap-csv-to-target-postgres name=target-postgres producer=False run_id=ce1311ba-17e6-4449-a9fe-50ba943c105d stdio=stderr string_id=target-postgres
2025-01-27T17:26:15.319527Z [info     ] 2025-01-27 14:26:15,319 | INFO     | target-postgres      | Emitting completed target state {} cmd_type=elb consumer=True job_name=dev:tap-csv-to-target-postgres name=target-postgres producer=False run_id=ce1311ba-17e6-4449-a9fe-50ba943c105d stdio=stderr string_id=target-postgres
2025-01-27T17:26:15.411252Z [info     ] Incremental state has been updated at 2025-01-27 17:26:15.411190+00:00.
2025-01-27T17:26:15.461776Z [error    ] Extractor failed
2025-01-27T17:26:15.461976Z [error    ] Block run completed.           block_type=ExtractLoadBlocks err=RunnerError('Extractor failed') exit_codes={<PluginType.EXTRACTORS: 'extractors'>: 1} set_number=0 success=False
